15:28:55    16 -->                                                             [tcl] ucliGUI::connect -toolargs -ucligui -toolexe ./simv -pid 10784 -toolin /tmp/vcs_20171016202852_10783_josephmart..stdin -toolout /tmp/vcs_20171016202852_10783_josephmart..stdout  
15:28:55    17 -->                                                                 [tcl] set ucliGUI::state
15:28:55    18 -->                                                                     [tcl] gui_update_simulator_buttons
15:28:56    19 -->                                                                         [tcl] set ucliGUI::state
15:28:56    20 -->                                                                             [tcl] ucliCore::getToolPID
15:28:56    21 -->                                                                                 [tcl] synopsys::env hasTB
15:28:56    22 -->                                                                                     [tcl] trigger_hier_stack_context_switch 0
15:28:56    23 -->                                                                                         [tcl] synUtils::setDVEInitPhase 1
15:28:56    24 -->                                                                                             [tcl] gui_get_env SIMSETUP::SIMVPD
15:28:56    25 --> ...  [tcl] synopsys::dump -type VPD -file /home/ugrads/j/josephmart/git/ECEN_350/Lab06/2to1mux/inter.vpd -locking
15:28:56    26 --> ...      [tcl] synopsys::dump -autoflush on -fid VPD0
15:28:56    27 --> ...          [tcl] set ::dve_fid VPD0
15:28:56    28 --> ...              [tcl] synUtils::setDVEInitPhase 0
15:28:56    29 --> ...                  [tcl] ucliCore::getToolPID
15:28:56    30 --> ...                      [tcl] synUtils::sendTool -active _icl_setToolSocket /tmp/smlnpY1vlqd
15:28:56    31 --> ...                          [tcl] synUtils::sendTool -active {_icl_start_rpc -version "L-2016.06_Full64" -sync_file /tmp/vcs_dve_rpc.josephmart.10784}
15:28:56    32 --> ...                              [tcl] synUtils::sendTool -active {_icl_createSharedMemory /tmp/vcs_dve_general.josephmart.10784}
15:28:56    33 --> ...                                  [tcl] dveMisc::vbusExpand Mux21Test_v
15:28:56    34 --> ...                                      [tcl] config endofsim noexit
15:28:56    35 --> ...                                          [tcl] config onfail enable all
15:28:56    36 --> ...                                              [tcl] config syscaddplainmembers
15:28:56    37 --> ...                                                  [tcl] config syscaddsourcenames
15:28:56    38 --> ...                                                      [tcl] config syscaddstructtypes
15:28:56    39 --> ...                                                          [tcl] synopsys::listing -disable
15:29:05    40 --> ...                                                              [tcl] synopsys::dump -add {Mux21Test_v} -scope "." -depth 1 -fid VPD0
15:29:08    41 --> ...                                                                  [tcl] synopsys::run
15:29:08    42 --> ...                                                                      [tcl] set ucliGUI::state
15:29:08    43 --> ...                                                                          [tcl] set ucliGUI::state
15:29:08    44 --> ...                                                                              [tcl] set ucliGUI::state
15:29:08    45 --> ...                                                                                  [tcl] set ucliGUI::state
15:29:08    46 --> ...                                                                                      [tcl] catch {senv activeDomain} dveMisc::result 
15:29:08    47 --> ...                                                                                          [tcl] set dveMisc::result
15:29:08    48 --> ...                                                                                              [tcl] gui_update_simulator_buttons
15:31:18    49 --> ...                                                                                                  [tcl] if [catch {gui_sim_terminate}] {gui_sim_terminate -kill}
15:31:18    50 --> ...  [tcl] synopsys::finish
15:31:18    51 --> ...      [tcl] set ucliGUI::state
15:31:18    52 --> ...          [tcl] set ucliGUI::state
15:31:18    53 --> ...              [tcl] catch {senv activeDomain} dveMisc::result 
15:31:18    54 --> ...                  [tcl] set dveMisc::result
15:31:18    55 --> ...                      [tcl] gui_update_simulator_buttons
15:31:18    56 --> ...                          [tcl] catch {senv activeDomain} dveMisc::result 
15:31:18    57 --> ...                              [tcl] set dveMisc::result
15:31:18    58 --> ...                                  [tcl] ucli_exit
