Warning : License for product VCSRuntime_Net(725) will expire within 30 days, on: 14-nov-2017.
If you would like to temporarily disable this message, set 
 the VCS_LIC_EXPIRE_WARNING environment variable to the number of days
before expiration that you want this message to start (the minimum is 0).
Chronologic VCS simulator copyright 1991-2016
Contains Synopsys proprietary information.
Compiler version L-2016.06_Full64; Runtime version L-2016.06_Full64;  Oct 16 15:28 2017
VCD+ Writer L-2016.06_Full64 Copyright (c) 1991-2016 by Synopsys Inc.
The file '/home/ugrads/j/josephmart/git/ECEN_350/Lab06/2to1mux/inter.vpd' was opened successfully.
  Select First 0 passed
  Select First 1 passed
  Select First 2 passed
  Select First 3 passed
 Select Second 0 passed
 Select Second 1 passed
 Select Second 2 passed
 Select Second 3 passed
All tests passed
Simulation complete, time is 810000 ps.
           V C S   S i m u l a t i o n   R e p o r t 
Time: 810000 ps
CPU Time:      0.080 seconds;       Data structure size:   0.0Mb
Mon Oct 16 15:31:18 2017
