15:36:09    16 -->                                                             [tcl] ucliGUI::connect -toolargs -ucligui -toolexe ./simv -pid 13106 -toolin /tmp/vcs_20171016203607_13105_josephmart..stdin -toolout /tmp/vcs_20171016203607_13105_josephmart..stdout  
15:36:09    17 -->                                                                 [tcl] set ucliGUI::state
15:36:09    18 -->                                                                     [tcl] gui_update_simulator_buttons
15:36:10    19 -->                                                                         [tcl] set ucliGUI::state
15:36:10    20 -->                                                                             [tcl] ucliCore::getToolPID
15:36:10    21 -->                                                                                 [tcl] synopsys::env hasTB
15:36:10    22 -->                                                                                     [tcl] trigger_hier_stack_context_switch 0
15:36:10    23 -->                                                                                         [tcl] synUtils::setDVEInitPhase 1
15:36:10    24 -->                                                                                             [tcl] gui_get_env SIMSETUP::SIMVPD
15:36:10    25 --> ...  [tcl] synopsys::dump -type VPD -file /home/ugrads/j/josephmart/git/ECEN_350/Lab06/2to4Dec/inter.vpd -locking
15:36:10    26 --> ...      [tcl] synopsys::dump -autoflush on -fid VPD0
15:36:10    27 --> ...          [tcl] set ::dve_fid VPD0
15:36:10    28 --> ...              [tcl] synUtils::setDVEInitPhase 0
15:36:10    29 --> ...                  [tcl] ucliCore::getToolPID
15:36:10    30 --> ...                      [tcl] synUtils::sendTool -active _icl_setToolSocket /tmp/smlnpwrXsMu
15:36:10    31 --> ...                          [tcl] synUtils::sendTool -active {_icl_start_rpc -version "L-2016.06_Full64" -sync_file /tmp/vcs_dve_rpc.josephmart.13106}
15:36:10    32 --> ...                              [tcl] synUtils::sendTool -active {_icl_createSharedMemory /tmp/vcs_dve_general.josephmart.13106}
15:36:10    33 --> ...                                  [tcl] dveMisc::vbusExpand Decode24Test_v
15:36:10    34 --> ...                                      [tcl] config endofsim noexit
15:36:10    35 --> ...                                          [tcl] config onfail enable all
15:36:10    36 --> ...                                              [tcl] config syscaddplainmembers
15:36:10    37 --> ...                                                  [tcl] config syscaddsourcenames
15:36:10    38 --> ...                                                      [tcl] config syscaddstructtypes
15:36:10    39 --> ...                                                          [tcl] synopsys::listing -disable
15:36:16    40 --> ...                                                              [tcl] synopsys::dump -add {Decode24Test_v} -scope "." -depth 1 -fid VPD0
15:36:20    41 --> ...                                                                  [tcl] synopsys::run
15:36:20    42 --> ...                                                                      [tcl] set ucliGUI::state
15:36:20    43 --> ...                                                                          [tcl] set ucliGUI::state
15:36:20    44 --> ...                                                                              [tcl] set ucliGUI::state
15:36:20    45 --> ...                                                                                  [tcl] set ucliGUI::state
15:36:20    46 --> ...                                                                                      [tcl] catch {senv activeDomain} dveMisc::result 
15:36:20    47 --> ...                                                                                          [tcl] set dveMisc::result
15:36:20    48 --> ...                                                                                              [tcl] gui_update_simulator_buttons
15:37:13    49 --> ...                                                                                                  [tcl] if [catch {gui_sim_terminate}] {gui_sim_terminate -kill}
15:37:13    50 --> ...  [tcl] synopsys::finish
15:37:13    51 --> ...      [tcl] set ucliGUI::state
15:37:13    52 --> ...          [tcl] set ucliGUI::state
15:37:13    53 --> ...              [tcl] catch {senv activeDomain} dveMisc::result 
15:37:13    54 --> ...                  [tcl] set dveMisc::result
15:37:13    55 --> ...                      [tcl] gui_update_simulator_buttons
15:37:13    56 --> ...                          [tcl] catch {senv activeDomain} dveMisc::result 
15:37:13    57 --> ...                              [tcl] set dveMisc::result
15:37:13    58 --> ...                                  [tcl] ucli_exit
