16:17:19    16 -->                                                             [tcl] ucliGUI::connect -toolargs -ucligui -toolexe ./simv -pid 10784 -toolin /tmp/vcs_20171023211717_10783_josephmart..stdin -toolout /tmp/vcs_20171023211717_10783_josephmart..stdout  
16:17:19    17 -->                                                                 [tcl] set ucliGUI::state
16:17:19    18 -->                                                                     [tcl] gui_update_simulator_buttons
16:17:20    19 -->                                                                         [tcl] set ucliGUI::state
16:17:20    20 -->                                                                             [tcl] ucliCore::getToolPID
16:17:20    21 -->                                                                                 [tcl] synopsys::env hasTB
16:17:20    22 -->                                                                                     [tcl] trigger_hier_stack_context_switch 0
16:17:20    23 -->                                                                                         [tcl] synUtils::setDVEInitPhase 1
16:17:20    24 -->                                                                                             [tcl] gui_get_env SIMSETUP::SIMVPD
16:17:20    25 --> ...  [tcl] synopsys::dump -type VPD -file /home/ugrads/j/josephmart/git/ECEN_350/Lab07/sign_extend/inter.vpd -locking
16:17:20    26 --> ...      [tcl] synopsys::dump -autoflush on -fid VPD0
16:17:20    27 --> ...          [tcl] set ::dve_fid VPD0
16:17:20    28 --> ...              [tcl] synUtils::setDVEInitPhase 0
16:17:20    29 --> ...                  [tcl] ucliCore::getToolPID
16:17:20    30 --> ...                      [tcl] synUtils::sendTool -active _icl_setToolSocket /tmp/smlnpq2uMFI
16:17:20    31 --> ...                          [tcl] synUtils::sendTool -active {_icl_start_rpc -version "L-2016.06_Full64" -sync_file /tmp/vcs_dve_rpc.josephmart.10784}
16:17:20    32 --> ...                              [tcl] synUtils::sendTool -active {_icl_createSharedMemory /tmp/vcs_dve_general.josephmart.10784}
16:17:20    33 --> ...                                  [tcl] dveMisc::vbusExpand SignExtenderTest_v
16:17:20    34 --> ...                                      [tcl] config endofsim noexit
16:17:20    35 --> ...                                          [tcl] config onfail enable all
16:17:20    36 --> ...                                              [tcl] config syscaddplainmembers
16:17:20    37 --> ...                                                  [tcl] config syscaddsourcenames
16:17:20    38 --> ...                                                      [tcl] config syscaddstructtypes
16:17:20    39 --> ...                                                          [tcl] synopsys::listing -disable
16:17:32    40 --> ...                                                              [tcl] synopsys::dump -add {SignExtenderTest_v} -scope "." -depth 1 -fid VPD0
16:17:37    41 --> ...                                                                  [tcl] synopsys::run
16:17:37    42 --> ...                                                                      [tcl] set ucliGUI::state
16:17:37    43 --> ...                                                                          [tcl] set ucliGUI::state
16:17:37    44 --> ...                                                                              [tcl] set ucliGUI::state
16:17:37    45 --> ...                                                                                  [tcl] set ucliGUI::state
16:17:37    46 --> ...                                                                                      [tcl] catch {senv activeDomain} dveMisc::result 
16:17:37    47 --> ...                                                                                          [tcl] set dveMisc::result
16:17:37    48 --> ...                                                                                              [tcl] gui_update_simulator_buttons
16:19:02    49 --> ...                                                                                                  [tcl] if [catch {gui_sim_terminate}] {gui_sim_terminate -kill}
16:19:02    50 --> ...  [tcl] synopsys::finish
16:19:02    51 --> ...      [tcl] set ucliGUI::state
16:19:02    52 --> ...          [tcl] set ucliGUI::state
16:19:02    53 --> ...              [tcl] catch {senv activeDomain} dveMisc::result 
16:19:02    54 --> ...                  [tcl] set dveMisc::result
16:19:02    55 --> ...                      [tcl] gui_update_simulator_buttons
16:19:02    56 --> ...                          [tcl] catch {senv activeDomain} dveMisc::result 
16:19:02    57 --> ...                              [tcl] set dveMisc::result
16:19:02    58 --> ...                                  [tcl] ucli_exit
