Warning : License for product VCSRuntime_Net(725) will expire within 23 days, on: 14-nov-2017.
If you would like to temporarily disable this message, set 
 the VCS_LIC_EXPIRE_WARNING environment variable to the number of days
before expiration that you want this message to start (the minimum is 0).
Chronologic VCS simulator copyright 1991-2016
Contains Synopsys proprietary information.
Compiler version L-2016.06_Full64; Runtime version L-2016.06_Full64;  Oct 23 17:07 2017
VCD+ Writer L-2016.06_Full64 Copyright (c) 1991-2016 by Synopsys Inc.
The file '/home/ugrads/j/josephmart/git/ECEN_350/Lab07/sign_extend/inter.vpd' was opened successfully.
0.000000 passed
  Type(B) and 1s failed: 18446744073675997184 should be 18446744073642442752
0.000000 passed
  Type(D) and 1s failed: 18446744073708503040 should be 18446744073707454464
0.000000 passed
 Type(CB) and 1s failed: 18446744073701163009 should be    18014398492704768
Some tests failed
Simulation complete, time is 600.
           V C S   S i m u l a t i o n   R e p o r t 
Time: 600
CPU Time:      0.070 seconds;       Data structure size:   0.0Mb
Mon Oct 23 17:15:36 2017
