15:38:39    16 -->                                                             [tcl] ucliGUI::connect -toolargs -ucligui -toolexe ./simv -pid 465 -toolin /tmp/vcs_20171030203836_464_josephmart..stdin -toolout /tmp/vcs_20171030203836_464_josephmart..stdout  
15:38:39    17 -->                                                                 [tcl] set ucliGUI::state
15:38:39    18 -->                                                                     [tcl] gui_update_simulator_buttons
15:38:40    19 -->                                                                         [tcl] set ucliGUI::state
15:38:40    20 -->                                                                             [tcl] ucliCore::getToolPID
15:38:40    21 -->                                                                                 [tcl] synopsys::env hasTB
15:38:40    22 -->                                                                                     [tcl] trigger_hier_stack_context_switch 0
15:38:40    23 -->                                                                                         [tcl] synUtils::setDVEInitPhase 1
15:38:40    24 -->                                                                                             [tcl] gui_get_env SIMSETUP::SIMVPD
15:38:40    25 --> ...  [tcl] synopsys::dump -type VPD -file /home/ugrads/j/josephmart/git/ECEN_350/Lab08/data_memory/inter.vpd -locking
15:38:40    26 --> ...      [tcl] synopsys::dump -autoflush on -fid VPD0
15:38:40    27 --> ...          [tcl] set ::dve_fid VPD0
15:38:40    28 --> ...              [tcl] synUtils::setDVEInitPhase 0
15:38:40    29 --> ...                  [tcl] ucliCore::getToolPID
15:38:40    30 --> ...                      [tcl] synUtils::sendTool -active _icl_setToolSocket /tmp/smlnpzywlND
15:38:40    31 --> ...                          [tcl] synUtils::sendTool -active {_icl_start_rpc -version "L-2016.06_Full64" -sync_file /tmp/vcs_dve_rpc.josephmart.465}
15:38:40    32 --> ...                              [tcl] synUtils::sendTool -active {_icl_createSharedMemory /tmp/vcs_dve_general.josephmart.465}
15:38:40    33 --> ...                                  [tcl] dveMisc::vbusExpand DataMemoryTest_v
15:38:40    34 --> ...                                      [tcl] config endofsim noexit
15:38:40    35 --> ...                                          [tcl] config onfail enable all
15:38:40    36 --> ...                                              [tcl] config syscaddplainmembers
15:38:40    37 --> ...                                                  [tcl] config syscaddsourcenames
15:38:40    38 --> ...                                                      [tcl] config syscaddstructtypes
15:38:40    39 --> ...                                                          [tcl] synopsys::listing -disable
15:38:42    40 --> ...                                                              [tcl] synopsys::run
15:38:42    41 --> ...                                                                  [tcl] set ucliGUI::state
15:38:42    42 --> ...                                                                      [tcl] set ucliGUI::state
15:38:42    43 --> ...                                                                          [tcl] set ucliGUI::state
15:38:42    44 --> ...                                                                              [tcl] set ucliGUI::state
15:38:43    45 --> ...                                                                                  [tcl] catch {senv activeDomain} dveMisc::result 
15:38:43    46 --> ...                                                                                      [tcl] set dveMisc::result
15:38:43    47 --> ...                                                                                          [tcl] gui_update_simulator_buttons
15:39:20    48 --> ...                                                                                              [tcl] if [catch {gui_sim_terminate}] {gui_sim_terminate -kill}
15:39:20    49 --> ...                                                                                                  [tcl] synopsys::finish
15:39:20    50 --> ...  [tcl] set ucliGUI::state
15:39:20    51 --> ...      [tcl] set ucliGUI::state
15:39:20    52 --> ...          [tcl] catch {senv activeDomain} dveMisc::result 
15:39:20    53 --> ...              [tcl] set dveMisc::result
15:39:20    54 --> ...                  [tcl] gui_update_simulator_buttons
15:39:20    55 --> ...                      [tcl] catch {senv activeDomain} dveMisc::result 
15:39:20    56 --> ...                          [tcl] set dveMisc::result
15:39:20    57 --> ...                              [tcl] ucli_exit
