# Preference setting overrides
gui_create_pref_key -category {Globals} -key {load_detail_for_funcov} -value_type {bool} -value {false}

# State setting overrides
gui_state_default_create -off -ini
gui_set_state_value -category Layout -key child_console_size_x -value 1919
gui_set_state_value -category Layout -key child_console_size_y -value 246
gui_set_state_value -category Layout -key child_data_size_x -value 105
gui_set_state_value -category Layout -key child_data_size_y -value 677
gui_set_state_value -category Layout -key child_hier_col3 -value {-1}
gui_set_state_value -category Layout -key child_hier_colpd -value 0
gui_set_state_value -category Layout -key child_hier_size_x -value 105
gui_set_state_value -category Layout -key child_hier_size_y -value 677
gui_set_state_value -category Layout -key child_source_docknewline -value false
gui_set_state_value -category Layout -key child_source_pos_x -value {-2}
gui_set_state_value -category Layout -key child_source_pos_y -value {-15}
gui_set_state_value -category Layout -key child_source_size_x -value 1712
gui_set_state_value -category Layout -key child_source_size_y -value 672
gui_set_state_value -category Layout -key child_wave_colname -value 205
gui_set_state_value -category Layout -key child_wave_colvalue -value 204
gui_set_state_value -category Layout -key child_wave_left -value 413
gui_set_state_value -category Layout -key child_wave_right -value 1501
gui_set_state_value -category Layout -key main_pos_x -value 11
gui_set_state_value -category Layout -key main_pos_y -value 34
gui_set_state_value -category Layout -key main_size_x -value 1930
gui_set_state_value -category Layout -key main_size_y -value 1053
gui_set_state_value -category Layout -key stand_wave_child_docknewline -value false
gui_set_state_value -category Layout -key stand_wave_child_pos_x -value {-2}
gui_set_state_value -category Layout -key stand_wave_child_pos_y -value {-15}
gui_set_state_value -category Layout -key stand_wave_child_size_x -value 1924
gui_set_state_value -category Layout -key stand_wave_child_size_y -value 918
gui_set_state_value -category Layout -key stand_wave_top_pos_x -value 11
gui_set_state_value -category Layout -key stand_wave_top_pos_y -value 34
gui_set_state_value -category Layout -key stand_wave_top_size_x -value 1930
gui_set_state_value -category Layout -key stand_wave_top_size_y -value 1053
gui_create_state_key -category FindDialog -key m_pMatchCase -value_type bool -value false
gui_create_state_key -category FindDialog -key m_pMatchWord -value_type bool -value false
gui_create_state_key -category FindDialog -key m_pUseCombo -value_type string -value {}
gui_create_state_key -category FindDialog -key m_pWrapAround -value_type bool -value true
gui_state_default_create -off

# Begin command logging
gui_sim_run Ucli -exe ./simv -args {-ucligui  } -dir .
gui_sim_continue  
gui_sim_restart
gui_open_window Wave
gui_list_add -id Wave.1 -from Hier.1 { DataMemoryTest_v } -insertionbar
gui_sim_continue  
gui_marker_move -id  Wave.1 C1 1769822
gui_zoom -window Wave.1 -full
gui_wv_zoom_timerange -id  Wave.1 0 1916948
gui_marker_move -id  Wave.1 C1 1480075
gui_close_window -window TopLevel.2
