Warning : License for product VCSRuntime_Net(725) will expire within 15 days, on: 14-nov-2017.
If you would like to temporarily disable this message, set 
 the VCS_LIC_EXPIRE_WARNING environment variable to the number of days
before expiration that you want this message to start (the minimum is 0).
Chronologic VCS simulator copyright 1991-2016
Contains Synopsys proprietary information.
Compiler version L-2016.06_Full64; Runtime version L-2016.06_Full64;  Nov  1 00:48 2017
VCD+ Writer L-2016.06_Full64 Copyright (c) 1991-2016 by Synopsys Inc.
The file '/home/ugrads/j/josephmart/git/ECEN_350/Lab08/data_memory/inter.vpd' was opened successfully.
Init Memory with some useful data
                Read address 0x14 passed
                Read address 0xf0 passed
                Read address 0xcc passed
                Read address 0xc8 passed
                 Read address 0xc passed
All tests passed
Simulation complete, time is 1770000 ps.
Warning : License for product VCSRuntime_Net(725) will expire within 15 days, on: 14-nov-2017.
If you would like to temporarily disable this message, set 
 the VCS_LIC_EXPIRE_WARNING environment variable to the number of days
before expiration that you want this message to start (the minimum is 0).
Chronologic VCS simulator copyright 1991-2016
Contains Synopsys proprietary information.
Compiler version L-2016.06_Full64; Runtime version L-2016.06_Full64;  Nov  1 00:48 2017
VCD+ Writer L-2016.06_Full64 Copyright (c) 1991-2016 by Synopsys Inc.
The file '/home/ugrads/j/josephmart/git/ECEN_350/Lab08/data_memory/inter.vpd' was opened successfully.
Init Memory with some useful data
                Read address 0x14 passed
                Read address 0xf0 passed
                Read address 0xcc passed
                Read address 0xc8 passed
                 Read address 0xc passed
All tests passed
Simulation complete, time is 1770000 ps.
           V C S   S i m u l a t i o n   R e p o r t 
Time: 1770000 ps
CPU Time:      0.060 seconds;       Data structure size:   0.0Mb
Wed Nov  1 00:49:48 2017
