Warning : License for product VCSRuntime_Net(725) will expire within 17 days, on: 14-nov-2017.
If you would like to temporarily disable this message, set 
 the VCS_LIC_EXPIRE_WARNING environment variable to the number of days
before expiration that you want this message to start (the minimum is 0).
Chronologic VCS simulator copyright 1991-2016
Contains Synopsys proprietary information.
Compiler version L-2016.06_Full64; Runtime version L-2016.06_Full64;  Oct 29 17:10 2017
VCD+ Writer L-2016.06_Full64 Copyright (c) 1991-2016 by Synopsys Inc.
The file '/home/ugrads/j/josephmart/git/ECEN_350/Lab07/register_file/inter.vpd' was opened successfully.
                               Initial $0 Check 1 passed
                               Initial $0 Check 2 passed
                               Initial $0 Check 3 passed
                               Initial $0 Check 4 passed
                               $0 Stays 0 Check 1 passed
                               $0 Stays 0 Check 2 passed
                                     A Reading X0 passed
                                     B Reading X1 passed
456000 -                                      A Reading X2 failed: 0x0000000000000000 should be 0x0000000000000002
456000 -                                      B Reading X3 failed: 0x0000000000000001 should be 0x0000000000000003
468000 -                   Write X0 = 0x1000, A Reading X4 failed: 0x0000000000000000 should be 0x0000000000000004
468000 -                   Write X0 = 0x1000, B Reading X5 failed: 0x0000000000000001 should be 0x0000000000000005
480000 -                   Write X0 = 0x1000, A Reading X4 failed: 0x0000000000000000 should be 0x0000000000000004
480000 -                   Write X0 = 0x1000, B Reading X5 failed: 0x0000000000000001 should be 0x0000000000000005
492000 -                   Write XA = 0x1010, A Reading X6 failed: 0x0000000000000000 should be 0x0000000000000006
492000 -                   Write XA = 0x1010, B Reading X7 failed: 0x0000000000000001 should be 0x0000000000000007
504000 -                 Write XB = 0x103000, A Reading X8 failed: 0x0000000000000000 should be 0x0000000000000008
504000 -                 Write XB = 0x103000, B Reading X9 failed: 0x0000000000000001 should be 0x0000000000000009
516000 -                                      A Reading XA failed: 0x0000000000000000 should be 0x0000000000001010
516000 -                                      B Reading XB failed: 0x0000000000000000 should be 0x0000000000103000
528000 -                   Write XD = 0xABCD, A Reading XC failed: 0x0000000000000000 should be 0x000000000000000c
528000 -                   Write XD = 0xABCD, B Reading XD failed: 0x0000000000000001 should be 0x000000000000abcd
540000 -                                      A Reading XE failed: 0x0000000000000000 should be 0x000000000000000e
540000 -                                      B Reading XF failed: 0x0000000000000001 should be 0x000000000000000f
Some tests failed
Simulation complete, time is 540000 ps.
           V C S   S i m u l a t i o n   R e p o r t 
Time: 540000 ps
CPU Time:      0.080 seconds;       Data structure size:   0.0Mb
Sun Oct 29 17:10:43 2017
