17:10:10    16 -->                                                             [tcl] ucliGUI::connect -toolargs -ucligui -toolexe ./simv -pid 31440 -toolin /tmp/vcs_20171029221007_31439_josephmart..stdin -toolout /tmp/vcs_20171029221007_31439_josephmart..stdout  
17:10:10    17 -->                                                                 [tcl] set ucliGUI::state
17:10:10    18 -->                                                                     [tcl] gui_update_simulator_buttons
17:10:10    19 -->                                                                         [tcl] set ucliGUI::state
17:10:10    20 -->                                                                             [tcl] ucliCore::getToolPID
17:10:10    21 -->                                                                                 [tcl] synopsys::env hasTB
17:10:10    22 -->                                                                                     [tcl] trigger_hier_stack_context_switch 0
17:10:10    23 -->                                                                                         [tcl] synUtils::setDVEInitPhase 1
17:10:10    24 -->                                                                                             [tcl] gui_get_env SIMSETUP::SIMVPD
17:10:10    25 --> ...  [tcl] synopsys::dump -type VPD -file /home/ugrads/j/josephmart/git/ECEN_350/Lab07/register_file/inter.vpd -locking
17:10:11    26 --> ...      [tcl] synopsys::dump -autoflush on -fid VPD0
17:10:11    27 --> ...          [tcl] set ::dve_fid VPD0
17:10:11    28 --> ...              [tcl] synUtils::setDVEInitPhase 0
17:10:11    29 --> ...                  [tcl] ucliCore::getToolPID
17:10:11    30 --> ...                      [tcl] synUtils::sendTool -active _icl_setToolSocket /tmp/smlnpFxdBzi
17:10:11    31 --> ...                          [tcl] synUtils::sendTool -active {_icl_start_rpc -version "L-2016.06_Full64" -sync_file /tmp/vcs_dve_rpc.josephmart.31440}
17:10:11    32 --> ...                              [tcl] synUtils::sendTool -active {_icl_createSharedMemory /tmp/vcs_dve_general.josephmart.31440}
17:10:11    33 --> ...                                  [tcl] dveMisc::vbusExpand RegisterFileTest_v
17:10:11    34 --> ...                                      [tcl] config endofsim noexit
17:10:11    35 --> ...                                          [tcl] config onfail enable all
17:10:11    36 --> ...                                              [tcl] config syscaddplainmembers
17:10:11    37 --> ...                                                  [tcl] config syscaddsourcenames
17:10:11    38 --> ...                                                      [tcl] config syscaddstructtypes
17:10:11    39 --> ...                                                          [tcl] synopsys::listing -disable
17:10:13    40 --> ...                                                              [tcl] synopsys::run
17:10:13    41 --> ...                                                                  [tcl] set ucliGUI::state
17:10:13    42 --> ...                                                                      [tcl] set ucliGUI::state
17:10:13    43 --> ...                                                                          [tcl] set ucliGUI::state
17:10:13    44 --> ...                                                                              [tcl] set ucliGUI::state
17:10:13    45 --> ...                                                                                  [tcl] catch {senv activeDomain} dveMisc::result 
17:10:13    46 --> ...                                                                                      [tcl] set dveMisc::result
17:10:13    47 --> ...                                                                                          [tcl] gui_update_simulator_buttons
17:10:43    48 --> ...                                                                                              [tcl] if [catch {gui_sim_terminate}] {gui_sim_terminate -kill}
17:10:43    49 --> ...                                                                                                  [tcl] synopsys::finish
17:10:43    50 --> ...  [tcl] set ucliGUI::state
17:10:43    51 --> ...      [tcl] set ucliGUI::state
17:10:43    52 --> ...          [tcl] catch {senv activeDomain} dveMisc::result 
17:10:43    53 --> ...              [tcl] set dveMisc::result
17:10:43    54 --> ...                  [tcl] gui_update_simulator_buttons
17:10:43    55 --> ...                      [tcl] catch {senv activeDomain} dveMisc::result 
17:10:43    56 --> ...                          [tcl] set dveMisc::result
17:10:43    57 --> ...                              [tcl] ucli_exit
