# Preference setting overrides
gui_create_pref_key -category {Globals} -key {load_detail_for_funcov} -value_type {bool} -value {false}

# State setting overrides
gui_state_default_create -off -ini
gui_create_state_key -category FindDialog -key m_pMatchCase -value_type bool -value false
gui_create_state_key -category FindDialog -key m_pMatchWord -value_type bool -value false
gui_create_state_key -category FindDialog -key m_pUseCombo -value_type string -value {}
gui_create_state_key -category FindDialog -key m_pWrapAround -value_type bool -value true
gui_state_default_create -off

# Begin command logging
gui_sim_run Ucli -exe ./simv -args {-ucligui  } -dir .
gui_list_expand -id  Hier.1   GatesTest
gui_list_select -id Hier.1 -current_item_name GatesTest.DUT -current_item_type Scope  -selected  { GatesTest.DUT   }
gui_open_window Wave
gui_list_add -id Wave.1 -from Hier.1 { GatesTest.DUT } -insertionbar
gui_sim_continue  
gui_marker_select -id  Wave.1 { C1 }
gui_marker_move -id  Wave.1 C1 129
gui_wv_zoom_timerange -id  Wave.1 0 389
gui_marker_move -id  Wave.1 C1 39
gui_marker_move -id  Wave.1 C1 80
gui_marker_move -id  Wave.1 C1 56
gui_wv_scroll_hslidermove -id  Wave.1 0
gui_wv_scroll_hslidermove -id  Wave.1 0
gui_wv_scroll_hslidermove -id  Wave.1 0
gui_wv_scroll_hslidermove -id  Wave.1 0
gui_marker_move -id  Wave.1 C1 22
gui_marker_move -id  Wave.1 C1 40
gui_marker_move -id  Wave.1 C1 57
gui_wv_zoom_timerange -id  Wave.1 40 136
gui_wv_scroll_hslidermove -id  Wave.1 0
gui_wv_zoom_timerange -id  Wave.1 0 39
gui_wv_scroll_hslidermove -id  Wave.1 30
gui_wv_scroll_hslidermove -id  Wave.1 30
gui_wv_scroll_hslidermove -id  Wave.1 0
gui_wv_scroll_hslidermove -id  Wave.1 30
gui_wv_scroll_hslidermove -id  Wave.1 30
gui_wv_scroll_hslidermove -id  Wave.1 30
gui_wv_scroll_hslidermove -id  Wave.1 0
gui_marker_move -id  Wave.1 C1 36
gui_marker_move -id  Wave.1 C1 13
gui_wv_scroll_hslidermove -id  Wave.1 30
gui_wv_scroll_hslidermove -id  Wave.1 30
gui_wv_scroll_hslidermove -id  Wave.1 30
gui_wv_scroll_hslidermove -id  Wave.1 30
gui_wv_scroll_hslidermove -id  Wave.1 30
gui_wv_scroll_hslidermove -id  Wave.1 30
gui_wv_scroll_hslidermove -id  Wave.1 30
gui_wv_scroll_hslidermove -id  Wave.1 30
gui_wv_scroll_hslidermove -id  Wave.1 30
gui_wv_scroll_hslidermove -id  Wave.1 30
gui_wv_scroll_hslidermove -id  Wave.1 0
gui_wv_scroll_hslidermove -id  Wave.1 0
gui_wv_scroll_hslidermove -id  Wave.1 0
gui_wv_scroll_hslidermove -id  Wave.1 0
gui_wv_scroll_hslidermove -id  Wave.1 30
gui_wv_scroll_hslidermove -id  Wave.1 30
gui_wv_scroll_hslidermove -id  Wave.1 30
gui_wv_zoom_timerange -id  Wave.1 1 40
gui_zoom -window Wave.1 -factor 0.5
gui_zoom -window Wave.1 -factor 0.5
gui_zoom -window Wave.1 -full
gui_zoom -window Wave.1 -factor 0.5
gui_wv_scroll_hslidermove -id  Wave.1 0
gui_wv_scroll_hslidermove -id  Wave.1 0
gui_wv_scroll_hslidermove -id  Wave.1 0
gui_marker_move -id  Wave.1 C1 7
gui_list_expand -id  Wave.1   {GatesTest.DUT.in[0:1]}
gui_list_expand -id  Wave.1   {GatesTest.DUT.out[0:2]}
gui_close_window -window TopLevel.2
