15:10:20    16 -->                                                             [tcl] ucliGUI::connect -toolargs -ucligui -toolexe ./simv -pid 8043 -toolin /tmp/vcs_20171016201016_8040_josephmart..stdin -toolout /tmp/vcs_20171016201016_8040_josephmart..stdout  
15:10:20    17 -->                                                                 [tcl] set ucliGUI::state
15:10:20    18 -->                                                                     [tcl] gui_update_simulator_buttons
15:10:21    19 -->                                                                         [tcl] set ucliGUI::state
15:10:21    20 -->                                                                             [tcl] ucliCore::getToolPID
15:10:21    21 -->                                                                                 [tcl] synopsys::env hasTB
15:10:21    22 -->                                                                                     [tcl] trigger_hier_stack_context_switch 0
15:10:21    23 -->                                                                                         [tcl] synUtils::setDVEInitPhase 1
15:10:21    24 -->                                                                                             [tcl] gui_get_env SIMSETUP::SIMVPD
15:10:21    25 --> ...  [tcl] synopsys::dump -type VPD -file /home/ugrads/j/josephmart/git/ECEN_350/Lab06/inter.vpd -locking
15:10:21    26 --> ...      [tcl] synopsys::dump -autoflush on -fid VPD0
15:10:21    27 --> ...          [tcl] set ::dve_fid VPD0
15:10:21    28 --> ...              [tcl] synUtils::setDVEInitPhase 0
15:10:21    29 --> ...                  [tcl] ucliCore::getToolPID
15:10:21    30 --> ...                      [tcl] synUtils::sendTool -active _icl_setToolSocket /tmp/smlnptvEnfK
15:10:21    31 --> ...                          [tcl] synUtils::sendTool -active {_icl_start_rpc -version "L-2016.06_Full64" -sync_file /tmp/vcs_dve_rpc.josephmart.8043}
15:10:21    32 --> ...                              [tcl] synUtils::sendTool -active {_icl_createSharedMemory /tmp/vcs_dve_general.josephmart.8043}
15:10:21    33 --> ...                                  [tcl] dveMisc::vbusExpand GatesTest
15:10:21    34 --> ...                                      [tcl] config endofsim noexit
15:10:21    35 --> ...                                          [tcl] config onfail enable all
15:10:21    36 --> ...                                              [tcl] config syscaddplainmembers
15:10:21    37 --> ...                                                  [tcl] config syscaddsourcenames
15:10:21    38 --> ...                                                      [tcl] config syscaddstructtypes
15:10:21    39 --> ...                                                          [tcl] synopsys::listing -disable
15:10:51    40 --> ...                                                              [tcl] dveMisc::vbusExpand GatesTest.DUT
15:11:05    41 --> ...                                                                  [tcl] synopsys::dump -add {GatesTest.DUT} -scope "." -depth 1 -fid VPD0
15:11:38    42 --> ...                                                                      [tcl] synopsys::run
15:11:38    43 --> ...                                                                          [tcl] set ucliGUI::state
15:11:38    44 --> ...                                                                              [tcl] set ucliGUI::state
15:11:39    45 --> ...                                                                                  [tcl] set ucliGUI::state
15:11:39    46 --> ...                                                                                      [tcl] set ucliGUI::state
15:11:39    47 --> ...                                                                                          [tcl] catch {senv activeDomain} dveMisc::result 
15:11:39    48 --> ...                                                                                              [tcl] set dveMisc::result
15:11:39    49 --> ...                                                                                                  [tcl] gui_update_simulator_buttons
15:20:17    50 --> ...  [tcl] ucliCore::getToolPID
15:20:18    51 --> ...      [tcl] ucliCore::getToolPID
15:20:19    52 --> ...          [tcl] ucliCore::getToolPID
15:20:29    53 --> ...              [tcl] if [catch {gui_sim_terminate}] {gui_sim_terminate -kill}
15:20:29    54 --> ...                  [tcl] synopsys::finish
15:20:29    55 --> ...                      [tcl] set ucliGUI::state
15:20:29    56 --> ...                          [tcl] set ucliGUI::state
15:20:29    57 --> ...                              [tcl] catch {senv activeDomain} dveMisc::result 
15:20:29    58 --> ...                                  [tcl] set dveMisc::result
15:20:29    59 --> ...                                      [tcl] gui_update_simulator_buttons
15:20:29    60 --> ...                                          [tcl] catch {senv activeDomain} dveMisc::result 
15:20:29    61 --> ...                                              [tcl] set dveMisc::result
15:20:29    62 --> ...                                                  [tcl] ucli_exit
