20:34:56    16 -->                                                             [tcl] ucliGUI::connect -toolargs -ucligui -toolexe ./simv -pid 21934 -toolin /tmp/vcs_20171023013451_21931_josephmart..stdin -toolout /tmp/vcs_20171023013451_21931_josephmart..stdout  
20:34:56    17 -->                                                                 [tcl] set ucliGUI::state
20:34:57    18 -->                                                                     [tcl] gui_update_simulator_buttons
20:34:59    19 -->                                                                         [tcl] set ucliGUI::state
20:34:59    20 -->                                                                             [tcl] ucliCore::getToolPID
20:34:59    21 -->                                                                                 [tcl] synopsys::env hasTB
20:34:59    22 -->                                                                                     [tcl] trigger_hier_stack_context_switch 0
20:34:59    23 -->                                                                                         [tcl] synUtils::setDVEInitPhase 1
20:34:59    24 -->                                                                                             [tcl] gui_get_env SIMSETUP::SIMVPD
20:34:59    25 --> ...  [tcl] synopsys::dump -type VPD -file /home/ugrads/j/josephmart/git/ECEN_350/Lab06/half_adder/inter.vpd -locking
20:34:59    26 --> ...      [tcl] synopsys::dump -autoflush on -fid VPD0
20:34:59    27 --> ...          [tcl] set ::dve_fid VPD0
20:34:59    28 --> ...              [tcl] synUtils::setDVEInitPhase 0
20:34:59    29 --> ...                  [tcl] ucliCore::getToolPID
20:34:59    30 --> ...                      [tcl] synUtils::sendTool -active _icl_setToolSocket /tmp/smlnpmvGZze
20:34:59    31 --> ...                          [tcl] synUtils::sendTool -active {_icl_start_rpc -version "L-2016.06_Full64" -sync_file /tmp/vcs_dve_rpc.josephmart.21934}
20:34:59    32 --> ...                              [tcl] synUtils::sendTool -active {_icl_createSharedMemory /tmp/vcs_dve_general.josephmart.21934}
20:34:59    33 --> ...                                  [tcl] dveMisc::vbusExpand HalfAddTest_v
20:34:59    34 --> ...                                      [tcl] config endofsim noexit
20:34:59    35 --> ...                                          [tcl] config onfail enable all
20:34:59    36 --> ...                                              [tcl] config syscaddplainmembers
20:34:59    37 --> ...                                                  [tcl] config syscaddsourcenames
20:34:59    38 --> ...                                                      [tcl] config syscaddstructtypes
20:35:00    39 --> ...                                                          [tcl] synopsys::listing -disable
20:35:08    40 --> ...                                                              [tcl] if [catch {gui_sim_terminate}] {gui_sim_terminate -kill}
20:35:08    41 --> ...                                                                  [tcl] synopsys::finish
20:35:08    42 --> ...                                                                      [tcl] set ucliGUI::state
20:35:08    43 --> ...                                                                          [tcl] set ucliGUI::state
20:35:08    44 --> ...                                                                              [tcl] catch {senv activeDomain} dveMisc::result 
20:35:08    45 --> ...                                                                                  [tcl] set dveMisc::result
20:35:08    46 --> ...                                                                                      [tcl] gui_update_simulator_buttons
20:35:08    47 --> ...                                                                                          [tcl] catch {senv activeDomain} dveMisc::result 
20:35:08    48 --> ...                                                                                              [tcl] set dveMisc::result
20:35:08    49 --> ...                                                                                                  [tcl] ucli_exit
