# Preference setting overrides
gui_create_pref_key -category {Globals} -key {load_detail_for_funcov} -value_type {bool} -value {false}

# State setting overrides
gui_state_default_create -off -ini
gui_set_state_value -category Layout -key child_console_size_x -value 1679
gui_set_state_value -category Layout -key child_console_size_y -value 179
gui_set_state_value -category Layout -key child_data_size_x -value 174
gui_set_state_value -category Layout -key child_data_size_y -value 672
gui_set_state_value -category Layout -key child_hier_col3 -value {-1}
gui_set_state_value -category Layout -key child_hier_colpd -value 0
gui_set_state_value -category Layout -key child_hier_size_x -value 174
gui_set_state_value -category Layout -key child_hier_size_y -value 672
gui_set_state_value -category Layout -key child_source_docknewline -value false
gui_set_state_value -category Layout -key child_source_pos_x -value {-2}
gui_set_state_value -category Layout -key child_source_pos_y -value {-15}
gui_set_state_value -category Layout -key child_source_size_x -value 1334
gui_set_state_value -category Layout -key child_source_size_y -value 667
gui_set_state_value -category Layout -key child_wave_colname -value 242
gui_set_state_value -category Layout -key child_wave_colvalue -value 241
gui_set_state_value -category Layout -key child_wave_left -value 487
gui_set_state_value -category Layout -key child_wave_right -value 1187
gui_set_state_value -category Layout -key main_pos_y -value 65
gui_set_state_value -category Layout -key main_size_x -value 1684
gui_set_state_value -category Layout -key main_size_y -value 1015
gui_set_state_value -category Layout -key stand_wave_child_docknewline -value false
gui_set_state_value -category Layout -key stand_wave_child_pos_x -value {-2}
gui_set_state_value -category Layout -key stand_wave_child_pos_y -value {-15}
gui_set_state_value -category Layout -key stand_wave_child_size_x -value 1684
gui_set_state_value -category Layout -key stand_wave_child_size_y -value 846
gui_set_state_value -category Layout -key stand_wave_top_pos_x -value 560
gui_set_state_value -category Layout -key stand_wave_top_pos_y -value 212
gui_set_state_value -category Layout -key stand_wave_top_size_x -value 2239
gui_set_state_value -category Layout -key stand_wave_top_size_y -value 1162
gui_create_state_key -category FindDialog -key m_pMatchCase -value_type bool -value false
gui_create_state_key -category FindDialog -key m_pMatchWord -value_type bool -value false
gui_create_state_key -category FindDialog -key m_pUseCombo -value_type string -value {}
gui_create_state_key -category FindDialog -key m_pWrapAround -value_type bool -value true
gui_state_default_create -off

# Begin command logging
gui_sim_run Ucli -exe ./simv -args {-ucligui  } -dir .
gui_list_expand -id  Hier.1   HalfAddTest_v
gui_list_select -id Hier.1 -current_item_name HalfAddTest_v.allPassed -current_item_type Scope  -selected  { HalfAddTest_v.allPassed   }
gui_list_select -id Data.1 -selected  { {HalfAddTest_v.allPassed.passed[7:0]}   }
gui_list_action -id  Data.1 {HalfAddTest_v.allPassed.passed[7:0]}
gui_list_select -id Data.1 -selected  { {HalfAddTest_v.allPassed.numTests[7:0]}   }
gui_list_action -id  Data.1 {HalfAddTest_v.allPassed.numTests[7:0]}
gui_list_select -id Hier.1 -current_item_name HalfAddTest_v -current_item_type Scope  -selected  { HalfAddTest_v   }
gui_open_window Wave
gui_list_add -id Wave.1 -from Hier.1 { HalfAddTest_v } -insertionbar
gui_wv_zoom_timerange -id  Wave.1 0 389
gui_sim_continue  
gui_list_expand -id  Wave.1   {HalfAddTest_v.passed[7:0]}
gui_list_select -id Wave.1 -selected  { {New Group}   }
gui_marker_move -id  Wave.1 C1 489931
gui_zoom -window Wave.1 -full
gui_wv_scroll_hslidermove -id  Wave.1 0
gui_wv_scroll_hslidermove -id  Wave.1 0
gui_close_window -window TopLevel.2
