00:46:33    56 --> ...                          [tcl] ucliGUI::start /home/ugrads/j/josephmart/git/ECEN_350/Lab08/alu_ctl_block/simv -ucligui 
00:46:33    57 --> ...                              [tcl] set ucliGUI::state
00:46:33    58 --> ...                                  [tcl] gui_update_simulator_buttons
00:46:34    59 --> ...                                      [tcl] set ucliGUI::state
00:46:34    60 --> ...                                          [tcl] ucliCore::getToolPID
00:46:34    61 --> ...                                              [tcl] synopsys::env hasTB
00:46:34    62 --> ...                                                  [tcl] trigger_hier_stack_context_switch 0
00:46:34    63 --> ...                                                      [tcl] synUtils::setDVEInitPhase 1
00:46:34    64 --> ...                                                          [tcl] gui_get_env SIMSETUP::SIMVPD
00:46:34    65 --> ...                                                              [tcl] synopsys::dump -type VPD -file /home/ugrads/j/josephmart/git/ECEN_350/Lab08/alu_ctl_block/inter.vpd -locking
00:46:34    66 --> ...                                                                  [tcl] synopsys::dump -autoflush on -fid VPD1
00:46:34    67 --> ...                                                                      [tcl] set ::dve_fid VPD1
00:46:34    68 --> ...                                                                          [tcl] synUtils::setDVEInitPhase 0
00:46:34    69 --> ...                                                                              [tcl] ucliCore::getToolPID
00:46:34    70 --> ...                                                                                  [tcl] synUtils::sendTool -active _icl_setToolSocket /tmp/smlnpdCl08P
00:46:34    71 --> ...                                                                                      [tcl] synUtils::sendTool -active {_icl_start_rpc -version "L-2016.06_Full64" -sync_file /tmp/vcs_dve_rpc.josephmart.39958}
00:46:34    72 --> ...                                                                                          [tcl] synUtils::sendTool -active {_icl_createSharedMemory /tmp/vcs_dve_general.josephmart.39958}
00:46:34    73 --> ...                                                                                              [tcl] config endofsim noexit
00:46:34    74 --> ...                                                                                                  [tcl] config onfail enable all
00:46:34    75 --> ...  [tcl] config syscaddplainmembers
00:46:34    76 --> ...      [tcl] config syscaddsourcenames
00:46:34    77 --> ...          [tcl] config syscaddstructtypes
00:46:34    78 --> ...              [tcl] synopsys::listing -disable
00:46:35    79 --> ...                  [tcl] # Begin_DVE_Session_Save_Info
00:46:35    80 --> ...                      [tcl] # DVE restart session
00:46:35    81 --> ...                          [tcl] # Saved on Wed Nov 1 00:46:31 2017
00:46:35    82 --> ...                              [tcl] # Designs open: 1
00:46:35    83 --> ...                                  [tcl] #   Sim: /home/ugrads/j/josephmart/git/ECEN_350/Lab08/alu_ctl_block/simv
00:46:35    84 --> ...                                      [tcl] # Toplevel windows open: 2
00:46:35    85 --> ...                                          [tcl] # 	TopLevel.1
00:46:35    86 --> ...                                              [tcl] # 	TopLevel.2
00:46:35    87 --> ...                                                  [tcl] #   Source.1: ALUctlBlock_v
00:46:35    88 --> ...                                                      [tcl] #   Wave.1: 4 signals
00:46:35    89 --> ...                                                          [tcl] #   Group count = 1
00:46:35    90 --> ...                                                              [tcl] #   Group ALUctlBlock_v signal count = 4
00:46:35    91 --> ...                                                                  [tcl] # End_DVE_Session_Save_Info
00:46:35    92 --> ...                                                                      [tcl] # DVE version: L-2016.06_Full64
00:46:35    93 --> ...                                                                          [tcl] # DVE build date: May 24 2016 21:01:02
00:46:35    94 --> ...                                                                              [tcl] #<Session mode="Restart" path=".restartSimSession.tcl" type="Debug">
00:46:35    95 --> ...                                                                                  [tcl] gui_set_loading_session_type Restart
00:46:35    96 --> ...                                                                                      [tcl] gui_continuetime_set
00:46:35    97 --> ...                                                                                          [tcl] gui_clear_window -type Wave
00:46:35    98 --> ...                                                                                              [tcl] gui_clear_window -type List
00:46:35    99 --> ...                                                                                                  [tcl] # Application preferences
00:46:35    100 --> ...  [tcl] gui_set_pref_value -key app_default_font -value {Helvetica,10,-1,5,50,0,0,0,0,0}
00:46:35    101 --> ...      [tcl] gui_src_preferences -tabstop 8 -maxbits 24 -windownumber 1
00:46:35    102 --> ...          [tcl] #<WindowLayout>
00:46:35    103 --> ...              [tcl] # DVE top-level session
00:46:35    104 --> ...                  [tcl] # Create and position top-level window: TopLevel.1
00:46:35    105 --> ...                      [tcl] set TopLevel.1 TopLevel.1
00:46:35    106 --> ...                          [tcl] # Docked window settings
00:46:35    107 --> ...                              [tcl] set HSPane.1 HSPane.1
00:46:35    108 --> ...                                  [tcl] set Hier.1 Hier.1
00:46:35    109 --> ...                                      [tcl] set DLPane.1 DLPane.1
00:46:35    110 --> ...                                          [tcl] set Data.1 Data.1
00:46:35    111 --> ...                                              [tcl] set Console.1 Console.1
00:46:35    112 --> ...                                                  [tcl] gui_sync_global -id ${TopLevel.1} -option true
00:46:35    113 --> ...                                                      [tcl] # MDI window settings
00:46:35    114 --> ...                                                          [tcl] set Source.1 Source.1
00:46:35    115 --> ...                                                              [tcl] gui_update_layout -id ${Source.1} {{show_state maximized} {dock_state undocked} {dock_on_new_line false}}
00:46:35    116 --> ...                                                                  [tcl] # End MDI window settings
00:46:35    117 --> ...                                                                      [tcl] # Create and position top-level window: TopLevel.2
00:46:35    118 --> ...                                                                          [tcl] set TopLevel.2 TopLevel.2
00:46:35    119 --> ...                                                                              [tcl] # Docked window settings
00:46:35    120 --> ...                                                                                  [tcl] gui_sync_global -id ${TopLevel.2} -option true
00:46:35    121 --> ...                                                                                      [tcl] # MDI window settings
00:46:35    122 --> ...                                                                                          [tcl] set Wave.1 Wave.1
00:46:35    123 --> ...                                                                                              [tcl] gui_update_layout -id ${Wave.1} {{show_state maximized} {dock_state undocked} {dock_on_new_line false} {child_wave_left 557} {child_wave_right 1357} {child_wave_colname 276} {child_wave_colvalue 276} {child_wave_col1 0} {child_wave_col2 1}}
00:46:35    124 --> ...                                                                                                  [tcl] # End MDI window settings
00:46:35    125 --> ...  [tcl] #</WindowLayout>
00:46:35    126 --> ...      [tcl] #<Database>
00:46:35    127 --> ...          [tcl] gui_set_precision 1ps
00:46:35    128 --> ...              [tcl] gui_set_time_units 1ps
00:46:35    129 --> ...                  [tcl] #</Database>
00:46:35    130 --> ...                      [tcl] # DVE Global setting session:
00:46:35    131 --> ...                          [tcl] # Global: Breakpoints
00:46:35    132 --> ...                              [tcl] # Global: Bus
00:46:35    133 --> ...                                  [tcl] # Global: Expressions
00:46:35    134 --> ...                                      [tcl] # Global: Signal Time Shift
00:46:35    135 --> ...                                          [tcl] # Global: Signal Compare
00:46:35    136 --> ...                                              [tcl] # Global: Signal Groups
00:46:35    137 --> ...                                                  [tcl] gui_load_child_values {ALUctlBlock_v}
00:46:35    138 --> ...                                                      [tcl] synopsys::dump -add {ALUctlBlock_v} -scope "." -depth 1 -fid VPD1
00:46:35    139 --> ...                                                          [tcl] set _session_group_1 ALUctlBlock_v
00:46:35    140 --> ...                                                              [tcl] gui_sg_create "$_session_group_1"
00:46:35    141 --> ...                                                                  [tcl] set ALUctlBlock_v "$_session_group_1"
00:46:35    142 --> ...                                                                      [tcl] gui_sg_addsignal -group "$_session_group_1" { ALUctlBlock_v.ALUop ALUctlBlock_v.ALUCtrl ALUctlBlock_v.passed ALUctlBlock_v.Opcode }
00:46:35    143 --> ...                                                                          [tcl] # Global: Highlighting
00:46:35    144 --> ...                                                                              [tcl] # Global: Stack
00:46:35    145 --> ...                                                                                  [tcl] gui_change_stack_mode -mode list
00:46:35    146 --> ...                                                                                      [tcl] synopsys::xml {set_only_active_frame <data value="1" />}
00:46:35    147 --> ...                                                                                          [tcl] # Post database loading setting...
00:46:35    148 --> ...                                                                                              [tcl] # Save global setting...
00:46:35    149 --> ...                                                                                                  [tcl] # Wave/List view global setting
00:46:35    150 --> ...  [tcl] gui_cov_show_value -switch false
00:46:35    151 --> ...      [tcl] # Close all empty TopLevel windows
00:46:35    152 --> ...          [tcl] foreach __top [gui_ekki_get_window_ids -type TopLevel] {     if { [llength [gui_ekki_get_window_ids -parent $__top]] == 0} {         gui_close_window -window $__top     } }
00:46:35    153 --> ...              [tcl] gui_set_loading_session_type noSession
00:46:35    154 --> ...                  [tcl] # DVE View/pane content session:
00:46:35    155 --> ...                      [tcl] # Hier 'Hier.1'
00:46:35    156 --> ...                          [tcl] gui_show_window -window ${Hier.1}
00:46:35    157 --> ...                              [tcl] gui_list_set_filter -id ${Hier.1} -list { {Package 1} {All 0} {Process 1} {VirtPowSwitch 0} {UnnamedProcess 1} {UDP 0} {Function 1} {Block 1} {SrsnAndSpaCell 0} {OVA Unit 1} {LeafScCell 1} {LeafVlgCell 1} {Interface 1} {LeafVhdCell 1} {$unit 1} {NamedBlock 1} {Task 1} {VlgPackage 1} {ClassDef 1} {VirtIsoCell 0} }
00:46:35    158 --> ...                                  [tcl] gui_list_set_filter -id ${Hier.1} -text {*}
00:46:35    159 --> ...                                      [tcl] gui_change_design -id ${Hier.1} -design Sim
00:46:35    160 --> ...                                          [tcl] catch {gui_list_select -id ${Hier.1} {ALUctlBlock_v}}
00:46:35    161 --> ...                                              [tcl] dveMisc::vbusExpand ALUctlBlock_v
00:46:35    162 --> ...                                                  [tcl] gui_view_scroll -id ${Hier.1} -vertical -set 0
00:46:35    163 --> ...                                                      [tcl] gui_view_scroll -id ${Hier.1} -horizontal -set 0
00:46:35    164 --> ...                                                          [tcl] # Data 'Data.1'
00:46:35    165 --> ...                                                              [tcl] gui_list_set_filter -id ${Data.1} -list { {Buffer 1} {Input 1} {Others 1} {Linkage 1} {Output 1} {LowPower 1} {Parameter 1} {All 1} {Aggregate 1} {LibBaseMember 1} {Event 1} {Assertion 1} {Constant 1} {Interface 1} {BaseMembers 1} {Signal 1} {$unit 1} {Inout 1} {Variable 1} }
00:46:35    166 --> ...                                                                  [tcl] gui_list_set_filter -id ${Data.1} -text {*}
00:46:35    167 --> ...                                                                      [tcl] gui_list_show_data -id ${Data.1} {ALUctlBlock_v}
00:46:35    168 --> ...                                                                          [tcl] gui_view_scroll -id ${Data.1} -vertical -set 0
00:46:35    169 --> ...                                                                              [tcl] gui_view_scroll -id ${Data.1} -horizontal -set 0
00:46:35    170 --> ...                                                                                  [tcl] gui_view_scroll -id ${Hier.1} -vertical -set 0
00:46:35    171 --> ...                                                                                      [tcl] gui_view_scroll -id ${Hier.1} -horizontal -set 0
00:46:35    172 --> ...                                                                                          [tcl] # Source 'Source.1'
00:46:35    173 --> ...                                                                                              [tcl] gui_src_value_annotate -id ${Source.1} -switch false
00:46:35    174 --> ...                                                                                                  [tcl] gui_set_env TOGGLE::VALUEANNOTATE 0
00:46:35    175 --> ...  [tcl] gui_open_source -id ${Source.1}  -replace -active ALUctlBlock_v /home/ugrads/j/josephmart/git/ECEN_350/Lab08/alu_ctl_block/ALUctlBlockTest.v
00:46:35    176 --> ...      [tcl] gui_view_scroll -id ${Source.1} -vertical -set 45
00:46:35    177 --> ...          [tcl] gui_src_set_reusable -id ${Source.1}
00:46:35    178 --> ...              [tcl] # View 'Wave.1'
00:46:35    179 --> ...                  [tcl] gui_wv_sync -id ${Wave.1} -switch false
00:46:35    180 --> ...                      [tcl] set groupExD [gui_get_pref_value -category Wave -key exclusiveSG]
00:46:35    181 --> ...                          [tcl] gui_set_pref_value -category Wave -key exclusiveSG -value {false}
00:46:35    182 --> ...                              [tcl] set origWaveHeight [gui_get_pref_value -category Wave -key waveRowHeight]
00:46:35    183 --> ...                                  [tcl] gui_list_set_height -id Wave -height 25
00:46:35    184 --> ...                                      [tcl] set origGroupCreationState [gui_list_create_group_when_add -wave]
00:46:35    185 --> ...                                          [tcl] gui_list_create_group_when_add -wave -disable
00:46:35    186 --> ...                                              [tcl] gui_wv_zoom_timerange -id ${Wave.1} 0 445
00:46:35    187 --> ...                                                  [tcl] gui_list_add_group -id ${Wave.1} -after {New Group} {ALUctlBlock_v}
00:46:35    188 --> ...                                                      [tcl] gui_seek_criteria -id ${Wave.1} {Any Edge}
00:46:35    189 --> ...                                                          [tcl] gui_set_env TOGGLE::DEFAULT_WAVE_WINDOW ${Wave.1}
00:46:35    190 --> ...                                                              [tcl] gui_set_pref_value -category Wave -key exclusiveSG -value $groupExD
00:46:35    191 --> ...                                                                  [tcl] gui_list_set_height -id Wave -height $origWaveHeight
00:46:35    192 --> ...                                                                      [tcl] if {$origGroupCreationState} { 	gui_list_create_group_when_add -wave -enable }
00:46:35    193 --> ...                                                                          [tcl] if { $groupExD } {  gui_msg_report -code DVWW028 }
00:46:35    194 --> ...                                                                              [tcl] gui_list_set_filter -id ${Wave.1} -list { {Buffer 1} {Input 1} {Others 1} {Linkage 1} {Output 1} {Parameter 1} {All 1} {Aggregate 1} {LibBaseMember 1} {Event 1} {Assertion 1} {Constant 1} {Interface 1} {BaseMembers 1} {Signal 1} {$unit 1} {Inout 1} {Variable 1} }
00:46:35    195 --> ...                                                                                  [tcl] gui_list_set_filter -id ${Wave.1} -text {*}
00:46:35    196 --> ...                                                                                      [tcl] gui_list_set_insertion_bar  -id ${Wave.1} -group ALUctlBlock_v  -position in
00:46:35    197 --> ...                                                                                          [tcl] gui_view_scroll -id ${Wave.1} -vertical -set 0
00:46:35    198 --> ...                                                                                              [tcl] gui_show_grid -id ${Wave.1} -enable false
00:46:35    199 --> ...                                                                                                  [tcl] # Restore toplevel window zorder
00:46:35    200 --> ...  [tcl] # The toplevel window could be closed if it has no view/pane
00:46:35    201 --> ...      [tcl] if {[gui_exist_window -window ${TopLevel.1}]} { 	gui_set_active_window -window ${TopLevel.1} 	gui_set_active_window -window ${Source.1} 	gui_set_active_window -window ${HSPane.1} }
00:46:35    202 --> ...          [tcl] if {[gui_exist_window -window ${TopLevel.2}]} { 	gui_set_active_window -window ${TopLevel.2} 	gui_set_active_window -window ${Wave.1} }
00:46:35    203 --> ...              [tcl] #</Session>
00:46:59    204 --> ...                  [tcl] synopsys::run
00:46:59    205 --> ...                      [tcl] set ucliGUI::state
00:46:59    206 --> ...                          [tcl] set ucliGUI::state
00:46:59    207 --> ...                              [tcl] set ucliGUI::state
00:46:59    208 --> ...                                  [tcl] set ucliGUI::state
00:46:59    209 --> ...                                      [tcl] catch {senv activeDomain} dveMisc::result 
00:46:59    210 --> ...                                          [tcl] set dveMisc::result
00:46:59    211 --> ...                                              [tcl] gui_update_simulator_buttons
00:47:59    212 --> ...                                                  [tcl] if [catch {gui_sim_terminate}] {gui_sim_terminate -kill}
00:47:59    213 --> ...                                                      [tcl] synopsys::finish
00:47:59    214 --> ...                                                          [tcl] set ucliGUI::state
00:47:59    215 --> ...                                                              [tcl] set ucliGUI::state
00:47:59    216 --> ...                                                                  [tcl] catch {senv activeDomain} dveMisc::result 
00:47:59    217 --> ...                                                                      [tcl] set dveMisc::result
00:47:59    218 --> ...                                                                          [tcl] gui_update_simulator_buttons
00:47:59    219 --> ...                                                                              [tcl] catch {senv activeDomain} dveMisc::result 
00:47:59    220 --> ...                                                                                  [tcl] set dveMisc::result
00:47:59    221 --> ...                                                                                      [tcl] ucli_exit
